<?xml version="1.0" encoding="UTF-8"?>
<testsuite xmlns:xsi="http://www.w3.org/2001/XMLSchema-instance" xsi:noNamespaceSchemaLocation="https://maven.apache.org/surefire/maven-surefire-plugin/xsd/surefire-test-report.xsd" version="3.0.2" name="com.example.digital_wallet.DigitalWalletApplicationTests" time="3.585" tests="1" errors="0" skipped="0" failures="0">
  <properties>
[...]
</properties>
  <testcase name="contextLoads" classname="com.example.digital_wallet.DigitalWalletApplicationTests" time="0.804">
    <system-out><![CDATA[23:37:59.757 [main] INFO org.springframework.test.context.support.AnnotationConfigContextLoaderUtils -- Could not detect default configuration classes for test class [com.example.digital_wallet.DigitalWalletApplicationTests]: DigitalWalletApplicationTests does not declare any static, non-private, non-final, nested classes annotated with @Configuration.
23:37:59.921 [main] INFO org.springframework.boot.test.context.SpringBootTestContextBootstrapper -- Found @SpringBootConfiguration com.example.digital_wallet.DigitalWalletApplication for test class com.example.digital_wallet.DigitalWalletApplicationTests
23:38:00.145 [main] INFO org.springframework.boot.devtools.restart.RestartApplicationListener -- Restart disabled due to context in which it is running

  .   ____          _            __ _ _
 /\\ / ___'_ __ _ _(_)_ __  __ _ \ \ \ \
( ( )\___ | '_ | '_| | '_ \/ _` | \ \ \ \
 \\/  ___)| |_)| | | | | || (_| |  ) ) ) )
  '  |____| .__|_| |_|_| |_\__, | / / / /
 =========|_|==============|___/=/_/_/_/

 :: Spring Boot ::                (v3.4.2)

2025-02-08T23:38:00.561-05:00  WARN 16156 --- [digital_wallet] [           main] ory$DuplicateJsonObjectContextCustomizer : 

Found multiple occurrences of org.json.JSONObject on the class path:

	jar:file:/C:/Users/ACER/.m2/repository/com/vaadin/external/google/android-json/0.0.20131108.vaadin1/android-json-0.0.20131108.vaadin1.jar!/org/json/JSONObject.class
	jar:file:/C:/Users/ACER/.m2/repository/org/json/json/20250107/json-20250107.jar!/org/json/JSONObject.class

You may wish to exclude one of them to ensure predictable runtime behavior

2025-02-08T23:38:00.609-05:00  INFO 16156 --- [digital_wallet] [           main] c.e.d.DigitalWalletApplicationTests      : Starting DigitalWalletApplicationTests using Java 20.0.2 with PID 16156 (started by Julian in C:\Users\ACER\OneDrive\Documentos\proyecto_SM\Proyecto1\java_services)
2025-02-08T23:38:00.613-05:00  INFO 16156 --- [digital_wallet] [           main] c.e.d.DigitalWalletApplicationTests      : No active profile set, falling back to 1 default profile: "default"
2025-02-08T23:38:02.262-05:00  INFO 16156 --- [digital_wallet] [           main] c.e.d.DigitalWalletApplicationTests      : Started DigitalWalletApplicationTests in 2.137 seconds (process running for 3.371)
]]></system-out>
  </testcase>
</testsuite>